<html>
<head>
<title>TestNG:  Default test</title>
<link href="../testng.css" rel="stylesheet" type="text/css" />
<link href="../my-testng.css" rel="stylesheet" type="text/css" />

<style type="text/css">
.log { display: none;} 
.stack-trace { display: none;} 
</style>
<script type="text/javascript">
<!--
function flip(e) {
  current = e.style.display;
  if (current == 'block') {
    e.style.display = 'none';
    return 0;
  }
  else {
    e.style.display = 'block';
    return 1;
  }
}

function toggleBox(szDivId, elem, msg1, msg2)
{
  var res = -1;  if (document.getElementById) {
    res = flip(document.getElementById(szDivId));
  }
  else if (document.all) {
    // this is the way old msie versions work
    res = flip(document.all[szDivId]);
  }
  if(elem) {
    if(res == 0) elem.innerHTML = msg1; else elem.innerHTML = msg2;
  }

}

function toggleAllBoxes() {
  if (document.getElementsByTagName) {
    d = document.getElementsByTagName('div');
    for (i = 0; i < d.length; i++) {
      if (d[i].className == 'log') {
        flip(d[i]);
      }
    }
  }
}

// -->
</script>

</head>
<body>
<h2 align='center'>Default test</h2><table border='1' align="center">
<tr>
<td>Tests passed/Failed/Skipped:</td><td>5/1/0</td>
</tr><tr>
<td>Started on:</td><td>Thu Apr 18 20:14:25 IST 2024</td>
</tr>
<tr><td>Total time:</td><td>91 seconds (91774 ms)</td>
</tr><tr>
<td>Included groups:</td><td></td>
</tr><tr>
<td>Excluded groups:</td><td></td>
</tr>
</table><p/>
<small><i>(Hover the method name to see the test class name)</i></small><p/>
<table width='100%' border='1' class='invocation-failed'>
<tr><td colspan='4' align='center'><b>FAILED TESTS</b></td></tr>
<tr><td><b>Test method</b></td>
<td><b>Attribute(s)</b></td>
<td width="30%"><b>Exception</b></td>
<td width="10%"><b>Time (seconds)</b></td>
<td><b>Instance</b></td>
</tr>
<tr>
<td title='com.CucumberOpts.TestNGTestRunner.runScenario()'><b>runScenario</b><br>Test class: com.CucumberOpts.TestNGTestRunner<br>Test method: Runs Cucumber Scenarios<br>Parameters: "Search product in both product page and offer page", "Search and Order a product"</td>
<td><div><pre>java.lang.AssertionError: expected [Beetroot] but found [No data]
	at org.testng.Assert.fail(Assert.java:111)
	at org.testng.Assert.failNotEquals(Assert.java:1578)
	at org.testng.Assert.assertEqualsImpl(Assert.java:150)
	at org.testng.Assert.assertEquals(Assert.java:132)
	at org.testng.Assert.assertEquals(Assert.java:656)
	at org.testng.Assert.assertEquals(Assert.java:666)
	at com.featurescom.stepDefinitions.OfferPageStepDef.validate_product_name_in_offer_page_matches_the_landing_page(OfferPageStepDef.java:55)
	at ✽.validate product name in offer page matches the landing page(file:///C:/Users/2172261/git/BDDMar2024/BDDFramework/src/test/java/com/features/searchProduct.feature:11)
</pre></div><a href='#' onClick='toggleBox("stack-trace15171278", this, "Click to show all stack frames", "Click to hide stack frames")'>Click to show all stack frames</a>
<div class='stack-trace' id='stack-trace15171278'><pre>java.lang.AssertionError: expected [Beetroot] but found [No data]
	at org.testng.Assert.fail(Assert.java:111)
	at org.testng.Assert.failNotEquals(Assert.java:1578)
	at org.testng.Assert.assertEqualsImpl(Assert.java:150)
	at org.testng.Assert.assertEquals(Assert.java:132)
	at org.testng.Assert.assertEquals(Assert.java:656)
	at org.testng.Assert.assertEquals(Assert.java:666)
	at com.featurescom.stepDefinitions.OfferPageStepDef.validate_product_name_in_offer_page_matches_the_landing_page(OfferPageStepDef.java:55)
	at ✽.validate product name in offer page matches the landing page(file:///C:/Users/2172261/git/BDDMar2024/BDDFramework/src/test/java/com/features/searchProduct.feature:11)
</pre></div></td>
<td>88</td>
<td>com.CucumberOpts.TestNGTestRunner@61c4eee0</td></tr>
</table><p>
<table width='100%' border='1' class='invocation-passed'>
<tr><td colspan='4' align='center'><b>PASSED TESTS</b></td></tr>
<tr><td><b>Test method</b></td>
<td><b>Attribute(s)</b></td>
<td width="30%"><b>Exception</b></td>
<td width="10%"><b>Time (seconds)</b></td>
<td><b>Instance</b></td>
</tr>
<tr>
<td title='com.CucumberOpts.TestNGTestRunner.runScenario()'><b>runScenario</b><br>Test class: com.CucumberOpts.TestNGTestRunner<br>Test method: Runs Cucumber Scenarios<br>Parameters: "Search product in both product page and offer page", "Search and Order a product"</td>
<td></td>
<td>88</td>
<td>com.CucumberOpts.TestNGTestRunner@61c4eee0</td></tr>
<tr>
<td title='com.CucumberOpts.TestNGTestRunner.runScenario()'><b>runScenario</b><br>Test class: com.CucumberOpts.TestNGTestRunner<br>Test method: Runs Cucumber Scenarios<br>Parameters: "Search product in both product page and offer page", "Place Order a product"</td>
<td></td>
<td>88</td>
<td>com.CucumberOpts.TestNGTestRunner@61c4eee0</td></tr>
<tr>
<td title='com.CucumberOpts.TestNGTestRunner.runScenario()'><b>runScenario</b><br>Test class: com.CucumberOpts.TestNGTestRunner<br>Test method: Runs Cucumber Scenarios<br>Parameters: "Search product in both product page and offer page", "Place Order a product"</td>
<td></td>
<td>88</td>
<td>com.CucumberOpts.TestNGTestRunner@61c4eee0</td></tr>
<tr>
<td title='com.CucumberOpts.TestNGTestRunner.runScenario()'><b>runScenario</b><br>Test class: com.CucumberOpts.TestNGTestRunner<br>Test method: Runs Cucumber Scenarios<br>Parameters: "Search product in both product page and offer page", "Search and Order a product"</td>
<td></td>
<td>85</td>
<td>com.CucumberOpts.TestNGTestRunner@61c4eee0</td></tr>
<tr>
<td title='com.CucumberOpts.TestNGTestRunner.runScenario()'><b>runScenario</b><br>Test class: com.CucumberOpts.TestNGTestRunner<br>Test method: Runs Cucumber Scenarios<br>Parameters: "Search product in both product page and offer page", "Place Order a product"</td>
<td></td>
<td>89</td>
<td>com.CucumberOpts.TestNGTestRunner@61c4eee0</td></tr>
</table><p>
</body>
</html>