<?xml version="1.0" encoding="UTF-8"?>
<!-- Generated by org.testng.reporters.JUnitXMLReporter -->
<testsuite ignored="0" hostname="LTIN377195" failures="1" tests="1" name="Default test" time="11.48" errors="0" timestamp="2024-03-11T14:45:05 IST">
  <testcase classname="io.cucumber.testng.AbstractTestNGCucumberTests" name="runScenario" time="11.243">
    <failure type="java.lang.AssertionError" message="expected [null] but found [Tomato]">
      <![CDATA[java.lang.AssertionError: expected [null] but found [Tomato]
at org.testng.Assert.fail(Assert.java:111)
at org.testng.Assert.failNotEquals(Assert.java:1578)
at org.testng.Assert.assertEqualsImpl(Assert.java:150)
at org.testng.Assert.assertEquals(Assert.java:132)
at org.testng.Assert.assertEquals(Assert.java:656)
at org.testng.Assert.assertEquals(Assert.java:666)
at com.featurescom.stepDefinitions.OfferPageStepDef.validate_product_name_in_offer_page_matches_the_landing_page(OfferPageStepDef.java:47)
at âœ½.validate product name in offer page matches the landing page(file:///C:/Users/2172261/git/BDDMar2024/BDDFramework/src/test/java/com/features/searchProduct.feature:8)
]]>
    </failure>
  </testcase> <!-- runScenario -->
</testsuite> <!-- Default test -->
